[-5252359ms] [INFO] This page uses Chrome's Built-In AI features (LanguageDetector)! We're always improving our models; please submit your feedback here: https://issues.chromium.org/issues/new?component=1583316 @ chrome-extension://bpoadfkcbjbfhfodiogcnhhhpibjhbnh/content_main.js:4528
[ -202457ms] [WARNING] document.domain mutation is ignored because the surrounding agent cluster is origin-keyed. @ https://odin.xiaojukeji.com/613-8a06fd5b512c3816834b.js:1
[-3487258ms] [LOG] result of calling js_state_changed: Ok(JsValue(undefined)) @ https://img-ys011.didistatic.com/static/cooper_cn/cooper/shimo2/static/js/async/836-7a156b109703.js:0
[ -196454ms] [WARNING] document.domain mutation is ignored because the surrounding agent cluster is origin-keyed. @ https://odin.xiaojukeji.com/613-8a06fd5b512c3816834b.js:1
[-5252648ms] [LOG] GitHub theme detected: dark mode: auto @ chrome-extension://dgjhfomjieaadpoljlnidmbgkdffpack/themeDetector.ece8958e.js:0
[ -202193ms] [INFO] Slow network is detected. See https://www.chromestatus.com/feature/5636954674692096 for more details. Fallback font will be used while loading: https://odin.xiaojukeji.com/90d99504e0ef1debcda6.ttf?c836mo @ https://odin.xiaojukeji.com/656-8152c631d5e9d17361b3.js:1
[-3487075ms] [LOG] result of calling js_state_changed: Ok(JsValue(undefined)) @ https://img-ys011.didistatic.com/static/cooper_cn/cooper/shimo2/static/js/async/836-7a156b109703.js:0
[ -195954ms] [INFO] This page uses Chrome's Built-In AI features (LanguageDetector)! We're always improving our models; please submit your feedback here: https://issues.chromium.org/issues/new?component=1583316 @ chrome-extension://bpoadfkcbjbfhfodiogcnhhhpibjhbnh/content_main.js:4528
[ -104721ms] [LOG] changes on page content-script Object namespace local @ chrome-extension://dgjhfomjieaadpoljlnidmbgkdffpack/storageChangeListener.4da49689.js:0
[ -202103ms] [INFO] This page uses Chrome's Built-In AI features (LanguageDetector)! We're always improving our models; please submit your feedback here: https://issues.chromium.org/issues/new?component=1583316 @ chrome-extension://bpoadfkcbjbfhfodiogcnhhhpibjhbnh/content_main.js:4528
[-3400251ms] [INFO] %c /./ @ https://img-ys011.didistatic.com/static/cooper_cn/cooper/shimo2/static/js/326-cc1f2a1380cb.js:662
[ -196263ms] [WARNING] single-spa-react: layout's rootComponent should implement componentDidCatch to avoid accidentally unmounting the entire single-spa application. @ https://s3-hnapuhdd-cdn.didistatic.com/op-static-hnahdd/buckets/odin/single-spa-react/2.8.1/single-spa-react.js:127
[    -930ms] [LOG] GitHub theme detected: light mode: auto @ chrome-extension://dgjhfomjieaadpoljlnidmbgkdffpack/themeDetector.ece8958e.js:0
[ -202207ms] [WARNING] single-spa-react: layout's rootComponent should implement componentDidCatch to avoid accidentally unmounting the entire single-spa application. @ https://s3-hnapuhdd-cdn.didistatic.com/op-static-hnahdd/buckets/odin/single-spa-react/2.8.1/single-spa-react.js:127
[-3335209ms] [LOG] result of calling js_state_changed: Ok(JsValue(undefined)) @ https://img-ys011.didistatic.com/static/cooper_cn/cooper/shimo2/static/js/async/836-7a156b109703.js:0
[ -196262ms] [LOG] TypeError: Cannot read properties of null (reading 'addEventListener')
    at l.value (https://odin.xiaojukeji.com/613-8a06fd5b512c3816834b.js:2:94756)
    at qi (https://s3-hnapuhdd-cdn.didistatic.com/op-static-hnahdd/buckets/odin/react-dom/16.8.6/react-dom.production.min.js:130:198)
    at ui (https://s3-hnapuhdd-cdn.didistatic.com/op-static-hnahdd/buckets/odin/react-dom/16.8.6/react-dom.production.min.js:133:320)
    at https://s3-hnapuhdd-cdn.didistatic.com/op-static-hnahdd/buckets/odin/react-dom/16.8.6/react-dom.production.min.js:158:377
    at unstable_runWithPriority (https://s3-hnapuhdd-cdn.didistatic.com/op-static-hnahdd/buckets/odin/react/16.8.6/react.production.min.js:27:36)
    at Vc (https://s3-hnapuhdd-cdn.didistatic.com/op-static-hnahdd/buckets/odin/react-dom/16.8.6/react-dom.production.min.js:158:360)
    at Sc (https://s3-hnapuhdd-cdn.didistatic.com/op-static-hnahdd/buckets/odin/react-dom/16.8.6/react-dom.production.min.js:158:144)
    at Z (https://s3-hnapuhdd-cdn.didistatic.com/op-static-hnahdd/buckets/odin/react-dom/16.8.6/react-dom.production.min.js:156:492)
    at Kc (https://s3-hnapuhdd-cdn.didistatic.com/op-static-hnahdd/buckets/odin/react-dom/16.8.6/react-dom.production.min.js:155:69)
    at ya (https://s3-hnapuhdd-cdn.didistatic.com/op-static-hnahdd/buckets/odin/react-dom/16.8.6/react-dom.production.min.js:153:185) @ https://odin.xiaojukeji.com/613-8a06fd5b512c3816834b.js:1
[ -202205ms] [LOG] 0 true /proxy/tree @ https://odin.xiaojukeji.com/registerApp-adf68ec7245611727c63.js:1
[-3335209ms] [LOG] [Flower][on_close][random]: 1 @ https://img-ys011.didistatic.com/static/cooper_cn/cooper/shimo2/static/js/async/836-7a156b109703.js:0
[ -196262ms] [WARNING] single-spa-react: webssh's rootComponent should implement componentDidCatch to avoid accidentally unmounting the entire single-spa application. @ https://odin.xiaojukeji.com/static/webssh/webssh-a23aeb55fc52301e2484.js:16
[ -202184ms] [WARNING] single-spa-react: monitor's rootComponent should implement componentDidCatch to avoid accidentally unmounting the entire single-spa application. @ https://odin.xiaojukeji.com/static/odin-alarm/odin-monitor-e6b6038775ef9f2f85f5.js:1
[-3333258ms] [LOG] [Flower][on_close][triggerred_connect] @ https://img-ys011.didistatic.com/static/cooper_cn/cooper/shimo2/static/js/async/836-7a156b109703.js:0
[ -196118ms] [LOG] 解析读取本地配置失败 @ https://odin.xiaojukeji.com/static/webssh/webssh-a23aeb55fc52301e2484.js:16
[ -202059ms] [LOG] currentLocale zh-CN @ https://odin.xiaojukeji.com/static/odin-alarm/odin-monitor-e6b6038775ef9f2f85f5.js:1
[-3333258ms] [LOG] result of calling js_state_changed: Ok(JsValue(undefined)) @ https://img-ys011.didistatic.com/static/cooper_cn/cooper/shimo2/static/js/async/836-7a156b109703.js:0
[ -196102ms] [LOG] 解析读取本地配置失败 @ https://odin.xiaojukeji.com/static/webssh/webssh-a23aeb55fc52301e2484.js:16
[-3333039ms] [LOG] result of calling js_state_changed: Ok(JsValue(undefined)) @ https://img-ys011.didistatic.com/static/cooper_cn/cooper/shimo2/static/js/async/836-7a156b109703.js:0
[ -202059ms] [LOG] currentLocale zh-CN @ https://odin.xiaojukeji.com/static/odin-alarm/odin-monitor-e6b6038775ef9f2f85f5.js:1
[ -195918ms] [LOG] PWA Can Install @ https://odin.xiaojukeji.com/static/webssh/541-ab132a5549803abc14c8.js:0
[-3211206ms] [LOG] result of calling js_state_changed: Ok(JsValue(undefined)) @ https://img-ys011.didistatic.com/static/cooper_cn/cooper/shimo2/static/js/async/836-7a156b109703.js:0
[ -202038ms] [LOG] 0 true /proxy/tree @ https://odin.xiaojukeji.com/registerApp-adf68ec7245611727c63.js:1
[-3211205ms] [LOG] [Flower][on_close][random]: 2 @ https://img-ys011.didistatic.com/static/cooper_cn/cooper/shimo2/static/js/async/836-7a156b109703.js:0
[ -201841ms] [LOG] 成功从CDN加载zh语言数据 @ https://odin.xiaojukeji.com/static/odin-alarm/odin-monitor-e6b6038775ef9f2f85f5.js:1
[-3208253ms] [LOG] [Flower][on_close][triggerred_connect] @ https://img-ys011.didistatic.com/static/cooper_cn/cooper/shimo2/static/js/async/836-7a156b109703.js:0
[ -199794ms] [LOG] 0 true /proxy/tree @ https://odin.xiaojukeji.com/registerApp-adf68ec7245611727c63.js:1
[-3208253ms] [LOG] result of calling js_state_changed: Ok(JsValue(undefined)) @ https://img-ys011.didistatic.com/static/cooper_cn/cooper/shimo2/static/js/async/836-7a156b109703.js:0
[ -198026ms] [LOG] 0 true /proxy/tree @ https://odin.xiaojukeji.com/registerApp-adf68ec7245611727c63.js:1
[-3208075ms] [LOG] result of calling js_state_changed: Ok(JsValue(undefined)) @ https://img-ys011.didistatic.com/static/cooper_cn/cooper/shimo2/static/js/async/836-7a156b109703.js:0
[ -197409ms] [LOG] 0 true /proxy/tree @ https://odin.xiaojukeji.com/registerApp-adf68ec7245611727c63.js:1
[-3159249ms] [INFO] %c /./ @ https://img-ys011.didistatic.com/static/cooper_cn/cooper/shimo2/static/js/326-cc1f2a1380cb.js:662
[      35ms] IntlPolyfill is not defined
[-3155680ms] [WARNING] react-intl-universal key "Cooper" not defined in zh-CN @ https://img-ys011.didistatic.com/static/cooper_cn/cooper/shimo2/static/js/326-cc1f2a1380cb.js:662
[-3155676ms] [WARNING] react-intl-universal key "可手动保存版本内容" not defined in zh-CN @ https://img-ys011.didistatic.com/static/cooper_cn/cooper/shimo2/static/js/326-cc1f2a1380cb.js:662
[-3155676ms] [WARNING] react-intl-universal key "保存版本" not defined in zh-CN @ https://img-ys011.didistatic.com/static/cooper_cn/cooper/shimo2/static/js/326-cc1f2a1380cb.js:662
[-3155672ms] [WARNING] react-intl-universal key "确定" not defined in zh-CN @ https://img-ys011.didistatic.com/static/cooper_cn/cooper/shimo2/static/js/326-cc1f2a1380cb.js:662
[-3155671ms] [LOG] signature是否过期： false ，token是否过期： false ，页面当前的状态：  @ https://img-ys011.didistatic.com/static/cooper_cn/cooper/shimo2/static/js/869-dc6a6f34ccd8.js:31
[-3086211ms] [LOG] result of calling js_state_changed: Ok(JsValue(undefined)) @ https://img-ys011.didistatic.com/static/cooper_cn/cooper/shimo2/static/js/async/836-7a156b109703.js:0
[-3086211ms] [LOG] [Flower][on_close][random]: 3 @ https://img-ys011.didistatic.com/static/cooper_cn/cooper/shimo2/static/js/async/836-7a156b109703.js:0
[-3082254ms] [LOG] [Flower][on_close][triggerred_connect] @ https://img-ys011.didistatic.com/static/cooper_cn/cooper/shimo2/static/js/async/836-7a156b109703.js:0
[-3082253ms] [LOG] result of calling js_state_changed: Ok(JsValue(undefined)) @ https://img-ys011.didistatic.com/static/cooper_cn/cooper/shimo2/static/js/async/836-7a156b109703.js:0
[-3082073ms] [LOG] result of calling js_state_changed: Ok(JsValue(undefined)) @ https://img-ys011.didistatic.com/static/cooper_cn/cooper/shimo2/static/js/async/836-7a156b109703.js:0
[-2960211ms] [LOG] result of calling js_state_changed: Ok(JsValue(undefined)) @ https://img-ys011.didistatic.com/static/cooper_cn/cooper/shimo2/static/js/async/836-7a156b109703.js:0
[-2960211ms] [LOG] [Flower][on_close][random]: 4 @ https://img-ys011.didistatic.com/static/cooper_cn/cooper/shimo2/static/js/async/836-7a156b109703.js:0
[-2955253ms] [LOG] [Flower][on_close][triggerred_connect] @ https://img-ys011.didistatic.com/static/cooper_cn/cooper/shimo2/static/js/async/836-7a156b109703.js:0
[-2955253ms] [LOG] result of calling js_state_changed: Ok(JsValue(undefined)) @ https://img-ys011.didistatic.com/static/cooper_cn/cooper/shimo2/static/js/async/836-7a156b109703.js:0
[-2955071ms] [LOG] result of calling js_state_changed: Ok(JsValue(undefined)) @ https://img-ys011.didistatic.com/static/cooper_cn/cooper/shimo2/static/js/async/836-7a156b109703.js:0
[-2917246ms] [INFO] %c /./ @ https://img-ys011.didistatic.com/static/cooper_cn/cooper/shimo2/static/js/326-cc1f2a1380cb.js:662
[-2833207ms] [LOG] result of calling js_state_changed: Ok(JsValue(undefined)) @ https://img-ys011.didistatic.com/static/cooper_cn/cooper/shimo2/static/js/async/836-7a156b109703.js:0
[-2833207ms] [LOG] [Flower][on_close][random]: 5 @ https://img-ys011.didistatic.com/static/cooper_cn/cooper/shimo2/static/js/async/836-7a156b109703.js:0
[-2827253ms] [LOG] [Flower][on_close][triggerred_connect] @ https://img-ys011.didistatic.com/static/cooper_cn/cooper/shimo2/static/js/async/836-7a156b109703.js:0
[-2827253ms] [LOG] result of calling js_state_changed: Ok(JsValue(undefined)) @ https://img-ys011.didistatic.com/static/cooper_cn/cooper/shimo2/static/js/async/836-7a156b109703.js:0
[-2827063ms] [LOG] result of calling js_state_changed: Ok(JsValue(undefined)) @ https://img-ys011.didistatic.com/static/cooper_cn/cooper/shimo2/static/js/async/836-7a156b109703.js:0
[-2677251ms] [INFO] %c /./ @ https://img-ys011.didistatic.com/static/cooper_cn/cooper/shimo2/static/js/326-cc1f2a1380cb.js:662
[-2675204ms] [LOG] result of calling js_state_changed: Ok(JsValue(undefined)) @ https://img-ys011.didistatic.com/static/cooper_cn/cooper/shimo2/static/js/async/836-7a156b109703.js:0
[-2675204ms] [LOG] [Flower][on_close][random]: 1 @ https://img-ys011.didistatic.com/static/cooper_cn/cooper/shimo2/static/js/async/836-7a156b109703.js:0
[-2673254ms] [LOG] [Flower][on_close][triggerred_connect] @ https://img-ys011.didistatic.com/static/cooper_cn/cooper/shimo2/static/js/async/836-7a156b109703.js:0
[-2673253ms] [LOG] result of calling js_state_changed: Ok(JsValue(undefined)) @ https://img-ys011.didistatic.com/static/cooper_cn/cooper/shimo2/static/js/async/836-7a156b109703.js:0
[-2673078ms] [LOG] result of calling js_state_changed: Ok(JsValue(undefined)) @ https://img-ys011.didistatic.com/static/cooper_cn/cooper/shimo2/static/js/async/836-7a156b109703.js:0
[-2551207ms] [LOG] result of calling js_state_changed: Ok(JsValue(undefined)) @ https://img-ys011.didistatic.com/static/cooper_cn/cooper/shimo2/static/js/async/836-7a156b109703.js:0
[-2551207ms] [LOG] [Flower][on_close][random]: 2 @ https://img-ys011.didistatic.com/static/cooper_cn/cooper/shimo2/static/js/async/836-7a156b109703.js:0
[-2548254ms] [LOG] [Flower][on_close][triggerred_connect] @ https://img-ys011.didistatic.com/static/cooper_cn/cooper/shimo2/static/js/async/836-7a156b109703.js:0
[-2548254ms] [LOG] result of calling js_state_changed: Ok(JsValue(undefined)) @ https://img-ys011.didistatic.com/static/cooper_cn/cooper/shimo2/static/js/async/836-7a156b109703.js:0
[-2548075ms] [LOG] result of calling js_state_changed: Ok(JsValue(undefined)) @ https://img-ys011.didistatic.com/static/cooper_cn/cooper/shimo2/static/js/async/836-7a156b109703.js:0
[-2537386ms] [LOG] result of calling js_state_changed: Ok(JsValue(undefined)) @ https://img-ys011.didistatic.com/static/cooper_cn/cooper/shimo2/static/js/async/836-7a156b109703.js:0
[-2537386ms] [LOG] [Flower][on_close][random]: 3 @ https://img-ys011.didistatic.com/static/cooper_cn/cooper/shimo2/static/js/async/836-7a156b109703.js:0
[-2534253ms] [LOG] [Flower][on_close][triggerred_connect] @ https://img-ys011.didistatic.com/static/cooper_cn/cooper/shimo2/static/js/async/836-7a156b109703.js:0
[-2534253ms] [LOG] result of calling js_state_changed: Ok(JsValue(undefined)) @ https://img-ys011.didistatic.com/static/cooper_cn/cooper/shimo2/static/js/async/836-7a156b109703.js:0
[-2534067ms] [LOG] result of calling js_state_changed: Ok(JsValue(undefined)) @ https://img-ys011.didistatic.com/static/cooper_cn/cooper/shimo2/static/js/async/836-7a156b109703.js:0
[-2430250ms] [INFO] %c /./ @ https://img-ys011.didistatic.com/static/cooper_cn/cooper/shimo2/static/js/326-cc1f2a1380cb.js:662
[-2412211ms] [LOG] result of calling js_state_changed: Ok(JsValue(undefined)) @ https://img-ys011.didistatic.com/static/cooper_cn/cooper/shimo2/static/js/async/836-7a156b109703.js:0
[-2412210ms] [LOG] [Flower][on_close][random]: 4 @ https://img-ys011.didistatic.com/static/cooper_cn/cooper/shimo2/static/js/async/836-7a156b109703.js:0
[-2411966ms] [WARNING] repeat init watermark @ https://sec-aegisfe.didistatic.com/static/aegisfe/water-mark1.0.js?v=001:0
[-2407253ms] [LOG] [Flower][on_close][triggerred_connect] @ https://img-ys011.didistatic.com/static/cooper_cn/cooper/shimo2/static/js/async/836-7a156b109703.js:0
[-2407253ms] [LOG] result of calling js_state_changed: Ok(JsValue(undefined)) @ https://img-ys011.didistatic.com/static/cooper_cn/cooper/shimo2/static/js/async/836-7a156b109703.js:0
[-2407059ms] [LOG] result of calling js_state_changed: Ok(JsValue(undefined)) @ https://img-ys011.didistatic.com/static/cooper_cn/cooper/shimo2/static/js/async/836-7a156b109703.js:0
[-2255205ms] [LOG] result of calling js_state_changed: Ok(JsValue(undefined)) @ https://img-ys011.didistatic.com/static/cooper_cn/cooper/shimo2/static/js/async/836-7a156b109703.js:0
[-2255205ms] [LOG] [Flower][on_close][random]: 6 @ https://img-ys011.didistatic.com/static/cooper_cn/cooper/shimo2/static/js/async/836-7a156b109703.js:0
[-2248253ms] [LOG] [Flower][on_close][triggerred_connect] @ https://img-ys011.didistatic.com/static/cooper_cn/cooper/shimo2/static/js/async/836-7a156b109703.js:0
[-2248252ms] [LOG] result of calling js_state_changed: Ok(JsValue(undefined)) @ https://img-ys011.didistatic.com/static/cooper_cn/cooper/shimo2/static/js/async/836-7a156b109703.js:0
[-2248058ms] [LOG] result of calling js_state_changed: Ok(JsValue(undefined)) @ https://img-ys011.didistatic.com/static/cooper_cn/cooper/shimo2/static/js/async/836-7a156b109703.js:0
[-2189252ms] [INFO] %c /./ @ https://img-ys011.didistatic.com/static/cooper_cn/cooper/shimo2/static/js/326-cc1f2a1380cb.js:662
[-2126214ms] [LOG] result of calling js_state_changed: Ok(JsValue(undefined)) @ https://img-ys011.didistatic.com/static/cooper_cn/cooper/shimo2/static/js/async/836-7a156b109703.js:0
[-2126214ms] [LOG] [Flower][on_close][random]: 1 @ https://img-ys011.didistatic.com/static/cooper_cn/cooper/shimo2/static/js/async/836-7a156b109703.js:0
[-2124253ms] [LOG] [Flower][on_close][triggerred_connect] @ https://img-ys011.didistatic.com/static/cooper_cn/cooper/shimo2/static/js/async/836-7a156b109703.js:0
[-2124253ms] [LOG] result of calling js_state_changed: Ok(JsValue(undefined)) @ https://img-ys011.didistatic.com/static/cooper_cn/cooper/shimo2/static/js/async/836-7a156b109703.js:0
[-2123929ms] [LOG] result of calling js_state_changed: Ok(JsValue(undefined)) @ https://img-ys011.didistatic.com/static/cooper_cn/cooper/shimo2/static/js/async/836-7a156b109703.js:0
[-2002210ms] [LOG] result of calling js_state_changed: Ok(JsValue(undefined)) @ https://img-ys011.didistatic.com/static/cooper_cn/cooper/shimo2/static/js/async/836-7a156b109703.js:0
[-2002210ms] [LOG] [Flower][on_close][random]: 2 @ https://img-ys011.didistatic.com/static/cooper_cn/cooper/shimo2/static/js/async/836-7a156b109703.js:0
[-1999254ms] [LOG] [Flower][on_close][triggerred_connect] @ https://img-ys011.didistatic.com/static/cooper_cn/cooper/shimo2/static/js/async/836-7a156b109703.js:0
[-1999254ms] [LOG] result of calling js_state_changed: Ok(JsValue(undefined)) @ https://img-ys011.didistatic.com/static/cooper_cn/cooper/shimo2/static/js/async/836-7a156b109703.js:0
[-1999056ms] [LOG] result of calling js_state_changed: Ok(JsValue(undefined)) @ https://img-ys011.didistatic.com/static/cooper_cn/cooper/shimo2/static/js/async/836-7a156b109703.js:0
[-1949250ms] [INFO] %c /./ @ https://img-ys011.didistatic.com/static/cooper_cn/cooper/shimo2/static/js/326-cc1f2a1380cb.js:662
[-1877200ms] [LOG] result of calling js_state_changed: Ok(JsValue(undefined)) @ https://img-ys011.didistatic.com/static/cooper_cn/cooper/shimo2/static/js/async/836-7a156b109703.js:0
[-1877200ms] [LOG] [Flower][on_close][random]: 3 @ https://img-ys011.didistatic.com/static/cooper_cn/cooper/shimo2/static/js/async/836-7a156b109703.js:0
[-1873254ms] [LOG] [Flower][on_close][triggerred_connect] @ https://img-ys011.didistatic.com/static/cooper_cn/cooper/shimo2/static/js/async/836-7a156b109703.js:0
[-1873253ms] [LOG] result of calling js_state_changed: Ok(JsValue(undefined)) @ https://img-ys011.didistatic.com/static/cooper_cn/cooper/shimo2/static/js/async/836-7a156b109703.js:0
[-1873057ms] [LOG] result of calling js_state_changed: Ok(JsValue(undefined)) @ https://img-ys011.didistatic.com/static/cooper_cn/cooper/shimo2/static/js/async/836-7a156b109703.js:0
[-1751211ms] [LOG] result of calling js_state_changed: Ok(JsValue(undefined)) @ https://img-ys011.didistatic.com/static/cooper_cn/cooper/shimo2/static/js/async/836-7a156b109703.js:0
[-1751211ms] [LOG] [Flower][on_close][random]: 4 @ https://img-ys011.didistatic.com/static/cooper_cn/cooper/shimo2/static/js/async/836-7a156b109703.js:0
[-1746252ms] [LOG] [Flower][on_close][triggerred_connect] @ https://img-ys011.didistatic.com/static/cooper_cn/cooper/shimo2/static/js/async/836-7a156b109703.js:0
[-1746252ms] [LOG] result of calling js_state_changed: Ok(JsValue(undefined)) @ https://img-ys011.didistatic.com/static/cooper_cn/cooper/shimo2/static/js/async/836-7a156b109703.js:0
[-1746061ms] [LOG] result of calling js_state_changed: Ok(JsValue(undefined)) @ https://img-ys011.didistatic.com/static/cooper_cn/cooper/shimo2/static/js/async/836-7a156b109703.js:0
[-1708251ms] [INFO] %c /./ @ https://img-ys011.didistatic.com/static/cooper_cn/cooper/shimo2/static/js/326-cc1f2a1380cb.js:662
[-1596014ms] [LOG] result of calling js_state_changed: Ok(JsValue(undefined)) @ https://img-ys011.didistatic.com/static/cooper_cn/cooper/shimo2/static/js/async/836-7a156b109703.js:0
[-1596014ms] [LOG] [Flower][on_close][random]: 6 @ https://img-ys011.didistatic.com/static/cooper_cn/cooper/shimo2/static/js/async/836-7a156b109703.js:0
[-1589253ms] [LOG] [Flower][on_close][triggerred_connect] @ https://img-ys011.didistatic.com/static/cooper_cn/cooper/shimo2/static/js/async/836-7a156b109703.js:0
[-1589252ms] [LOG] result of calling js_state_changed: Ok(JsValue(undefined)) @ https://img-ys011.didistatic.com/static/cooper_cn/cooper/shimo2/static/js/async/836-7a156b109703.js:0
[-1589062ms] [LOG] result of calling js_state_changed: Ok(JsValue(undefined)) @ https://img-ys011.didistatic.com/static/cooper_cn/cooper/shimo2/static/js/async/836-7a156b109703.js:0
[-1467249ms] [INFO] %c /./ @ https://img-ys011.didistatic.com/static/cooper_cn/cooper/shimo2/static/js/326-cc1f2a1380cb.js:662
[-1467206ms] [LOG] result of calling js_state_changed: Ok(JsValue(undefined)) @ https://img-ys011.didistatic.com/static/cooper_cn/cooper/shimo2/static/js/async/836-7a156b109703.js:0
[-1467206ms] [LOG] [Flower][on_close][random]: 1 @ https://img-ys011.didistatic.com/static/cooper_cn/cooper/shimo2/static/js/async/836-7a156b109703.js:0
[-1465253ms] [LOG] [Flower][on_close][triggerred_connect] @ https://img-ys011.didistatic.com/static/cooper_cn/cooper/shimo2/static/js/async/836-7a156b109703.js:0
[-1465253ms] [LOG] result of calling js_state_changed: Ok(JsValue(undefined)) @ https://img-ys011.didistatic.com/static/cooper_cn/cooper/shimo2/static/js/async/836-7a156b109703.js:0
[-1465074ms] [LOG] result of calling js_state_changed: Ok(JsValue(undefined)) @ https://img-ys011.didistatic.com/static/cooper_cn/cooper/shimo2/static/js/async/836-7a156b109703.js:0
[-1445047ms] [WARNING] react-intl-universal key "Cooper" not defined in zh-CN @ https://img-ys011.didistatic.com/static/cooper_cn/cooper/shimo2/static/js/326-cc1f2a1380cb.js:662
[-1445041ms] [WARNING] react-intl-universal key "可手动保存版本内容" not defined in zh-CN @ https://img-ys011.didistatic.com/static/cooper_cn/cooper/shimo2/static/js/326-cc1f2a1380cb.js:662
[-1445041ms] [WARNING] react-intl-universal key "保存版本" not defined in zh-CN @ https://img-ys011.didistatic.com/static/cooper_cn/cooper/shimo2/static/js/326-cc1f2a1380cb.js:662
[-1445034ms] [WARNING] react-intl-universal key "确定" not defined in zh-CN @ https://img-ys011.didistatic.com/static/cooper_cn/cooper/shimo2/static/js/326-cc1f2a1380cb.js:662
[-1445032ms] [LOG] signature是否过期： false ，token是否过期： false ，页面当前的状态：  @ https://img-ys011.didistatic.com/static/cooper_cn/cooper/shimo2/static/js/869-dc6a6f34ccd8.js:31
[-1441176ms] [WARNING] react-intl-universal key "Cooper" not defined in zh-CN @ https://img-ys011.didistatic.com/static/cooper_cn/cooper/shimo2/static/js/326-cc1f2a1380cb.js:662
[-1441171ms] [WARNING] react-intl-universal key "可手动保存版本内容" not defined in zh-CN @ https://img-ys011.didistatic.com/static/cooper_cn/cooper/shimo2/static/js/326-cc1f2a1380cb.js:662
[-1441171ms] [WARNING] react-intl-universal key "保存版本" not defined in zh-CN @ https://img-ys011.didistatic.com/static/cooper_cn/cooper/shimo2/static/js/326-cc1f2a1380cb.js:662
[-1441168ms] [WARNING] react-intl-universal key "确定" not defined in zh-CN @ https://img-ys011.didistatic.com/static/cooper_cn/cooper/shimo2/static/js/326-cc1f2a1380cb.js:662
[-1441168ms] [LOG] signature是否过期： false ，token是否过期： false ，页面当前的状态：  @ https://img-ys011.didistatic.com/static/cooper_cn/cooper/shimo2/static/js/869-dc6a6f34ccd8.js:31
[-1343210ms] [LOG] result of calling js_state_changed: Ok(JsValue(undefined)) @ https://img-ys011.didistatic.com/static/cooper_cn/cooper/shimo2/static/js/async/836-7a156b109703.js:0
[-1343210ms] [LOG] [Flower][on_close][random]: 2 @ https://img-ys011.didistatic.com/static/cooper_cn/cooper/shimo2/static/js/async/836-7a156b109703.js:0
[-1340253ms] [LOG] [Flower][on_close][triggerred_connect] @ https://img-ys011.didistatic.com/static/cooper_cn/cooper/shimo2/static/js/async/836-7a156b109703.js:0
[-1340253ms] [LOG] result of calling js_state_changed: Ok(JsValue(undefined)) @ https://img-ys011.didistatic.com/static/cooper_cn/cooper/shimo2/static/js/async/836-7a156b109703.js:0
[-1340049ms] [LOG] result of calling js_state_changed: Ok(JsValue(undefined)) @ https://img-ys011.didistatic.com/static/cooper_cn/cooper/shimo2/static/js/async/836-7a156b109703.js:0
[-1227249ms] [INFO] %c /./ @ https://img-ys011.didistatic.com/static/cooper_cn/cooper/shimo2/static/js/326-cc1f2a1380cb.js:662
[-1218204ms] [LOG] result of calling js_state_changed: Ok(JsValue(undefined)) @ https://img-ys011.didistatic.com/static/cooper_cn/cooper/shimo2/static/js/async/836-7a156b109703.js:0
[-1218203ms] [LOG] [Flower][on_close][random]: 3 @ https://img-ys011.didistatic.com/static/cooper_cn/cooper/shimo2/static/js/async/836-7a156b109703.js:0
[-1214253ms] [LOG] [Flower][on_close][triggerred_connect] @ https://img-ys011.didistatic.com/static/cooper_cn/cooper/shimo2/static/js/async/836-7a156b109703.js:0
[-1214252ms] [LOG] result of calling js_state_changed: Ok(JsValue(undefined)) @ https://img-ys011.didistatic.com/static/cooper_cn/cooper/shimo2/static/js/async/836-7a156b109703.js:0
[-1214059ms] [LOG] result of calling js_state_changed: Ok(JsValue(undefined)) @ https://img-ys011.didistatic.com/static/cooper_cn/cooper/shimo2/static/js/async/836-7a156b109703.js:0
[-1092206ms] [LOG] result of calling js_state_changed: Ok(JsValue(undefined)) @ https://img-ys011.didistatic.com/static/cooper_cn/cooper/shimo2/static/js/async/836-7a156b109703.js:0
[-1092205ms] [LOG] [Flower][on_close][random]: 4 @ https://img-ys011.didistatic.com/static/cooper_cn/cooper/shimo2/static/js/async/836-7a156b109703.js:0
[-1087252ms] [LOG] [Flower][on_close][triggerred_connect] @ https://img-ys011.didistatic.com/static/cooper_cn/cooper/shimo2/static/js/async/836-7a156b109703.js:0
[-1087252ms] [LOG] result of calling js_state_changed: Ok(JsValue(undefined)) @ https://img-ys011.didistatic.com/static/cooper_cn/cooper/shimo2/static/js/async/836-7a156b109703.js:0
[-1087064ms] [LOG] result of calling js_state_changed: Ok(JsValue(undefined)) @ https://img-ys011.didistatic.com/static/cooper_cn/cooper/shimo2/static/js/async/836-7a156b109703.js:0
[ -986250ms] [INFO] %c /./ @ https://img-ys011.didistatic.com/static/cooper_cn/cooper/shimo2/static/js/326-cc1f2a1380cb.js:662
[ -935209ms] [LOG] result of calling js_state_changed: Ok(JsValue(undefined)) @ https://img-ys011.didistatic.com/static/cooper_cn/cooper/shimo2/static/js/async/836-7a156b109703.js:0
[ -935208ms] [LOG] [Flower][on_close][random]: 6 @ https://img-ys011.didistatic.com/static/cooper_cn/cooper/shimo2/static/js/async/836-7a156b109703.js:0
[ -928252ms] [LOG] [Flower][on_close][triggerred_connect] @ https://img-ys011.didistatic.com/static/cooper_cn/cooper/shimo2/static/js/async/836-7a156b109703.js:0
[ -928252ms] [LOG] result of calling js_state_changed: Ok(JsValue(undefined)) @ https://img-ys011.didistatic.com/static/cooper_cn/cooper/shimo2/static/js/async/836-7a156b109703.js:0
[ -928073ms] [LOG] result of calling js_state_changed: Ok(JsValue(undefined)) @ https://img-ys011.didistatic.com/static/cooper_cn/cooper/shimo2/static/js/async/836-7a156b109703.js:0
[ -806211ms] [LOG] result of calling js_state_changed: Ok(JsValue(undefined)) @ https://img-ys011.didistatic.com/static/cooper_cn/cooper/shimo2/static/js/async/836-7a156b109703.js:0
[ -806211ms] [LOG] [Flower][on_close][random]: 1 @ https://img-ys011.didistatic.com/static/cooper_cn/cooper/shimo2/static/js/async/836-7a156b109703.js:0
[ -804253ms] [LOG] [Flower][on_close][triggerred_connect] @ https://img-ys011.didistatic.com/static/cooper_cn/cooper/shimo2/static/js/async/836-7a156b109703.js:0
[ -804253ms] [LOG] result of calling js_state_changed: Ok(JsValue(undefined)) @ https://img-ys011.didistatic.com/static/cooper_cn/cooper/shimo2/static/js/async/836-7a156b109703.js:0
[ -804064ms] [LOG] result of calling js_state_changed: Ok(JsValue(undefined)) @ https://img-ys011.didistatic.com/static/cooper_cn/cooper/shimo2/static/js/async/836-7a156b109703.js:0
[ -745251ms] [INFO] %c /./ @ https://img-ys011.didistatic.com/static/cooper_cn/cooper/shimo2/static/js/326-cc1f2a1380cb.js:662
[ -682208ms] [LOG] result of calling js_state_changed: Ok(JsValue(undefined)) @ https://img-ys011.didistatic.com/static/cooper_cn/cooper/shimo2/static/js/async/836-7a156b109703.js:0
[ -682208ms] [LOG] [Flower][on_close][random]: 2 @ https://img-ys011.didistatic.com/static/cooper_cn/cooper/shimo2/static/js/async/836-7a156b109703.js:0
[ -679253ms] [LOG] [Flower][on_close][triggerred_connect] @ https://img-ys011.didistatic.com/static/cooper_cn/cooper/shimo2/static/js/async/836-7a156b109703.js:0
[ -679253ms] [LOG] result of calling js_state_changed: Ok(JsValue(undefined)) @ https://img-ys011.didistatic.com/static/cooper_cn/cooper/shimo2/static/js/async/836-7a156b109703.js:0
[ -679073ms] [LOG] result of calling js_state_changed: Ok(JsValue(undefined)) @ https://img-ys011.didistatic.com/static/cooper_cn/cooper/shimo2/static/js/async/836-7a156b109703.js:0
[ -557213ms] [LOG] result of calling js_state_changed: Ok(JsValue(undefined)) @ https://img-ys011.didistatic.com/static/cooper_cn/cooper/shimo2/static/js/async/836-7a156b109703.js:0
[ -557212ms] [LOG] [Flower][on_close][random]: 3 @ https://img-ys011.didistatic.com/static/cooper_cn/cooper/shimo2/static/js/async/836-7a156b109703.js:0
[ -553253ms] [LOG] [Flower][on_close][triggerred_connect] @ https://img-ys011.didistatic.com/static/cooper_cn/cooper/shimo2/static/js/async/836-7a156b109703.js:0
[ -553253ms] [LOG] result of calling js_state_changed: Ok(JsValue(undefined)) @ https://img-ys011.didistatic.com/static/cooper_cn/cooper/shimo2/static/js/async/836-7a156b109703.js:0
[ -552837ms] [LOG] result of calling js_state_changed: Ok(JsValue(undefined)) @ https://img-ys011.didistatic.com/static/cooper_cn/cooper/shimo2/static/js/async/836-7a156b109703.js:0
[ -501248ms] [INFO] %c /./ @ https://img-ys011.didistatic.com/static/cooper_cn/cooper/shimo2/static/js/326-cc1f2a1380cb.js:662
[ -431204ms] [LOG] result of calling js_state_changed: Ok(JsValue(undefined)) @ https://img-ys011.didistatic.com/static/cooper_cn/cooper/shimo2/static/js/async/836-7a156b109703.js:0
[ -431204ms] [LOG] [Flower][on_close][random]: 4 @ https://img-ys011.didistatic.com/static/cooper_cn/cooper/shimo2/static/js/async/836-7a156b109703.js:0
[ -426251ms] [LOG] [Flower][on_close][triggerred_connect] @ https://img-ys011.didistatic.com/static/cooper_cn/cooper/shimo2/static/js/async/836-7a156b109703.js:0
[ -426250ms] [LOG] result of calling js_state_changed: Ok(JsValue(undefined)) @ https://img-ys011.didistatic.com/static/cooper_cn/cooper/shimo2/static/js/async/836-7a156b109703.js:0
[ -426045ms] [LOG] result of calling js_state_changed: Ok(JsValue(undefined)) @ https://img-ys011.didistatic.com/static/cooper_cn/cooper/shimo2/static/js/async/836-7a156b109703.js:0
[ -276091ms] [LOG] result of calling js_state_changed: Ok(JsValue(undefined)) @ https://img-ys011.didistatic.com/static/cooper_cn/cooper/shimo2/static/js/async/836-7a156b109703.js:0
[ -276091ms] [LOG] [Flower][on_close][random]: 6 @ https://img-ys011.didistatic.com/static/cooper_cn/cooper/shimo2/static/js/async/836-7a156b109703.js:0
[ -269253ms] [LOG] [Flower][on_close][triggerred_connect] @ https://img-ys011.didistatic.com/static/cooper_cn/cooper/shimo2/static/js/async/836-7a156b109703.js:0
[ -269253ms] [LOG] result of calling js_state_changed: Ok(JsValue(undefined)) @ https://img-ys011.didistatic.com/static/cooper_cn/cooper/shimo2/static/js/async/836-7a156b109703.js:0
[ -269079ms] [LOG] result of calling js_state_changed: Ok(JsValue(undefined)) @ https://img-ys011.didistatic.com/static/cooper_cn/cooper/shimo2/static/js/async/836-7a156b109703.js:0
[ -258247ms] [INFO] %c /./ @ https://img-ys011.didistatic.com/static/cooper_cn/cooper/shimo2/static/js/326-cc1f2a1380cb.js:662
[ -147211ms] [LOG] result of calling js_state_changed: Ok(JsValue(undefined)) @ https://img-ys011.didistatic.com/static/cooper_cn/cooper/shimo2/static/js/async/836-7a156b109703.js:0
[ -147211ms] [LOG] [Flower][on_close][random]: 1 @ https://img-ys011.didistatic.com/static/cooper_cn/cooper/shimo2/static/js/async/836-7a156b109703.js:0
[ -145253ms] [LOG] [Flower][on_close][triggerred_connect] @ https://img-ys011.didistatic.com/static/cooper_cn/cooper/shimo2/static/js/async/836-7a156b109703.js:0
[ -145253ms] [LOG] result of calling js_state_changed: Ok(JsValue(undefined)) @ https://img-ys011.didistatic.com/static/cooper_cn/cooper/shimo2/static/js/async/836-7a156b109703.js:0
[ -145069ms] [LOG] result of calling js_state_changed: Ok(JsValue(undefined)) @ https://img-ys011.didistatic.com/static/cooper_cn/cooper/shimo2/static/js/async/836-7a156b109703.js:0
[  -23209ms] [LOG] result of calling js_state_changed: Ok(JsValue(undefined)) @ https://img-ys011.didistatic.com/static/cooper_cn/cooper/shimo2/static/js/async/836-7a156b109703.js:0
[  -23209ms] [LOG] [Flower][on_close][random]: 2 @ https://img-ys011.didistatic.com/static/cooper_cn/cooper/shimo2/static/js/async/836-7a156b109703.js:0
[  -20253ms] [LOG] [Flower][on_close][triggerred_connect] @ https://img-ys011.didistatic.com/static/cooper_cn/cooper/shimo2/static/js/async/836-7a156b109703.js:0
[  -20252ms] [LOG] result of calling js_state_changed: Ok(JsValue(undefined)) @ https://img-ys011.didistatic.com/static/cooper_cn/cooper/shimo2/static/js/async/836-7a156b109703.js:0
[  -20077ms] [LOG] result of calling js_state_changed: Ok(JsValue(undefined)) @ https://img-ys011.didistatic.com/static/cooper_cn/cooper/shimo2/static/js/async/836-7a156b109703.js:0
[  -16244ms] [INFO] %c /./ @ https://img-ys011.didistatic.com/static/cooper_cn/cooper/shimo2/static/js/326-cc1f2a1380cb.js:662
[   -1492ms] [INFO] %c /./ @ https://img-ys011.didistatic.com/static/cooper_cn/cooper/shimo2/static/js/326-cc1f2a1380cb.js:662
[   -1482ms] [INFO] %c /./ @ https://img-ys011.didistatic.com/static/cooper_cn/cooper/shimo2/static/js/326-cc1f2a1380cb.js:662
[   -1465ms] [INFO] %c /./ @ https://img-ys011.didistatic.com/static/cooper_cn/cooper/shimo2/static/js/326-cc1f2a1380cb.js:662
[   -1173ms] [WARNING] react-intl-universal key "Cooper" not defined in zh-CN @ https://img-ys011.didistatic.com/static/cooper_cn/cooper/shimo2/static/js/326-cc1f2a1380cb.js:662
[   -1171ms] [WARNING] react-intl-universal key "可手动保存版本内容" not defined in zh-CN @ https://img-ys011.didistatic.com/static/cooper_cn/cooper/shimo2/static/js/326-cc1f2a1380cb.js:662
[   -1171ms] [WARNING] react-intl-universal key "保存版本" not defined in zh-CN @ https://img-ys011.didistatic.com/static/cooper_cn/cooper/shimo2/static/js/326-cc1f2a1380cb.js:662
[   -1169ms] [WARNING] react-intl-universal key "确定" not defined in zh-CN @ https://img-ys011.didistatic.com/static/cooper_cn/cooper/shimo2/static/js/326-cc1f2a1380cb.js:662
[   -1169ms] [LOG] signature是否过期： false ，token是否过期： false ，页面当前的状态：  @ https://img-ys011.didistatic.com/static/cooper_cn/cooper/shimo2/static/js/869-dc6a6f34ccd8.js:31
[   -1168ms] [WARNING] react-intl-universal key "Cooper" not defined in zh-CN @ https://img-ys011.didistatic.com/static/cooper_cn/cooper/shimo2/static/js/326-cc1f2a1380cb.js:662
[   -1168ms] [WARNING] react-intl-universal key "可手动保存版本内容" not defined in zh-CN @ https://img-ys011.didistatic.com/static/cooper_cn/cooper/shimo2/static/js/326-cc1f2a1380cb.js:662
[   -1167ms] [WARNING] react-intl-universal key "保存版本" not defined in zh-CN @ https://img-ys011.didistatic.com/static/cooper_cn/cooper/shimo2/static/js/326-cc1f2a1380cb.js:662
[   -1166ms] [WARNING] react-intl-universal key "确定" not defined in zh-CN @ https://img-ys011.didistatic.com/static/cooper_cn/cooper/shimo2/static/js/326-cc1f2a1380cb.js:662
[   -1165ms] [LOG] signature是否过期： false ，token是否过期： false ，页面当前的状态：  @ https://img-ys011.didistatic.com/static/cooper_cn/cooper/shimo2/static/js/869-dc6a6f34ccd8.js:31
[  224272ms] [INFO] %c /./ @ https://img-ys011.didistatic.com/static/cooper_cn/cooper/shimo2/static/js/326-cc1f2a1380cb.js:662
[  457427ms] [WARNING] react-intl-universal key "Cooper" not defined in zh-CN @ https://img-ys011.didistatic.com/static/cooper_cn/cooper/shimo2/static/js/326-cc1f2a1380cb.js:662
[  457429ms] [WARNING] react-intl-universal key "可手动保存版本内容" not defined in zh-CN @ https://img-ys011.didistatic.com/static/cooper_cn/cooper/shimo2/static/js/326-cc1f2a1380cb.js:662
[  457429ms] [WARNING] react-intl-universal key "保存版本" not defined in zh-CN @ https://img-ys011.didistatic.com/static/cooper_cn/cooper/shimo2/static/js/326-cc1f2a1380cb.js:662
[  457432ms] [WARNING] react-intl-universal key "确定" not defined in zh-CN @ https://img-ys011.didistatic.com/static/cooper_cn/cooper/shimo2/static/js/326-cc1f2a1380cb.js:662
[  457433ms] [LOG] signature是否过期： false ，token是否过期： false ，页面当前的状态：  @ https://img-ys011.didistatic.com/static/cooper_cn/cooper/shimo2/static/js/869-dc6a6f34ccd8.js:31
[  464686ms] [INFO] %c /./ @ https://img-ys011.didistatic.com/static/cooper_cn/cooper/shimo2/static/js/326-cc1f2a1380cb.js:662
[  534301ms] [WARNING] react-intl-universal key "Cooper" not defined in zh-CN @ https://img-ys011.didistatic.com/static/cooper_cn/cooper/shimo2/static/js/326-cc1f2a1380cb.js:662
[  534304ms] [WARNING] react-intl-universal key "可手动保存版本内容" not defined in zh-CN @ https://img-ys011.didistatic.com/static/cooper_cn/cooper/shimo2/static/js/326-cc1f2a1380cb.js:662
[  534305ms] [WARNING] react-intl-universal key "保存版本" not defined in zh-CN @ https://img-ys011.didistatic.com/static/cooper_cn/cooper/shimo2/static/js/326-cc1f2a1380cb.js:662
[  534309ms] [WARNING] react-intl-universal key "确定" not defined in zh-CN @ https://img-ys011.didistatic.com/static/cooper_cn/cooper/shimo2/static/js/326-cc1f2a1380cb.js:662
[  534310ms] [LOG] signature是否过期： false ，token是否过期： false ，页面当前的状态：  @ https://img-ys011.didistatic.com/static/cooper_cn/cooper/shimo2/static/js/869-dc6a6f34ccd8.js:31
[  704759ms] [INFO] %c /./ @ https://img-ys011.didistatic.com/static/cooper_cn/cooper/shimo2/static/js/326-cc1f2a1380cb.js:662
[  944773ms] [INFO] %c /./ @ https://img-ys011.didistatic.com/static/cooper_cn/cooper/shimo2/static/js/326-cc1f2a1380cb.js:662
[ 1189120ms] [WARNING] repeat init watermark @ https://sec-aegisfe.didistatic.com/static/aegisfe/water-mark1.0.js?v=001:0
[ 1190954ms] [INFO] %c /./ @ https://img-ys011.didistatic.com/static/cooper_cn/cooper/shimo2/static/js/326-cc1f2a1380cb.js:662
[ 1434341ms] [INFO] %c /./ @ https://img-ys011.didistatic.com/static/cooper_cn/cooper/shimo2/static/js/326-cc1f2a1380cb.js:662
[ 1523070ms] [WARNING] react-intl-universal key "Cooper" not defined in zh-CN @ https://img-ys011.didistatic.com/static/cooper_cn/cooper/shimo2/static/js/326-cc1f2a1380cb.js:662
[ 1523075ms] [WARNING] react-intl-universal key "可手动保存版本内容" not defined in zh-CN @ https://img-ys011.didistatic.com/static/cooper_cn/cooper/shimo2/static/js/326-cc1f2a1380cb.js:662
[ 1523075ms] [WARNING] react-intl-universal key "保存版本" not defined in zh-CN @ https://img-ys011.didistatic.com/static/cooper_cn/cooper/shimo2/static/js/326-cc1f2a1380cb.js:662
[ 1523078ms] [WARNING] react-intl-universal key "确定" not defined in zh-CN @ https://img-ys011.didistatic.com/static/cooper_cn/cooper/shimo2/static/js/326-cc1f2a1380cb.js:662
[ 1523079ms] [LOG] signature是否过期： false ，token是否过期： false ，页面当前的状态：  @ https://img-ys011.didistatic.com/static/cooper_cn/cooper/shimo2/static/js/869-dc6a6f34ccd8.js:31
[ 1677362ms] [INFO] %c /./ @ https://img-ys011.didistatic.com/static/cooper_cn/cooper/shimo2/static/js/326-cc1f2a1380cb.js:662
[ 1717515ms] [WARNING] react-intl-universal key "Cooper" not defined in zh-CN @ https://img-ys011.didistatic.com/static/cooper_cn/cooper/shimo2/static/js/326-cc1f2a1380cb.js:662
[ 1717520ms] [WARNING] react-intl-universal key "可手动保存版本内容" not defined in zh-CN @ https://img-ys011.didistatic.com/static/cooper_cn/cooper/shimo2/static/js/326-cc1f2a1380cb.js:662
[ 1717520ms] [WARNING] react-intl-universal key "保存版本" not defined in zh-CN @ https://img-ys011.didistatic.com/static/cooper_cn/cooper/shimo2/static/js/326-cc1f2a1380cb.js:662
[ 1717523ms] [WARNING] react-intl-universal key "确定" not defined in zh-CN @ https://img-ys011.didistatic.com/static/cooper_cn/cooper/shimo2/static/js/326-cc1f2a1380cb.js:662
[ 1717524ms] [LOG] signature是否过期： false ，token是否过期： false ，页面当前的状态：  @ https://img-ys011.didistatic.com/static/cooper_cn/cooper/shimo2/static/js/869-dc6a6f34ccd8.js:31
