[    1517ms] [WARNING] document.domain mutation is ignored because the surrounding agent cluster is origin-keyed. @ https://odin.xiaojukeji.com/613-8a06fd5b512c3816834b.js:1
[    1818ms] [WARNING] single-spa-react: layout's rootComponent should implement componentDidCatch to avoid accidentally unmounting the entire single-spa application. @ https://s3-hnapuhdd-cdn.didistatic.com/op-static-hnahdd/buckets/odin/single-spa-react/2.8.1/single-spa-react.js:127
[    1821ms] [LOG] TypeError: Cannot read properties of null (reading 'addEventListener')
    at l.value (https://odin.xiaojukeji.com/613-8a06fd5b512c3816834b.js:2:94756)
    at qi (https://s3-hnapuhdd-cdn.didistatic.com/op-static-hnahdd/buckets/odin/react-dom/16.8.6/react-dom.production.min.js:130:198)
    at ui (https://s3-hnapuhdd-cdn.didistatic.com/op-static-hnahdd/buckets/odin/react-dom/16.8.6/react-dom.production.min.js:133:320)
    at https://s3-hnapuhdd-cdn.didistatic.com/op-static-hnahdd/buckets/odin/react-dom/16.8.6/react-dom.production.min.js:158:377
    at unstable_runWithPriority (https://s3-hnapuhdd-cdn.didistatic.com/op-static-hnahdd/buckets/odin/react/16.8.6/react.production.min.js:27:36)
    at Vc (https://s3-hnapuhdd-cdn.didistatic.com/op-static-hnahdd/buckets/odin/react-dom/16.8.6/react-dom.production.min.js:158:360)
    at Sc (https://s3-hnapuhdd-cdn.didistatic.com/op-static-hnahdd/buckets/odin/react-dom/16.8.6/react-dom.production.min.js:158:144)
    at Z (https://s3-hnapuhdd-cdn.didistatic.com/op-static-hnahdd/buckets/odin/react-dom/16.8.6/react-dom.production.min.js:156:492)
    at Kc (https://s3-hnapuhdd-cdn.didistatic.com/op-static-hnahdd/buckets/odin/react-dom/16.8.6/react-dom.production.min.js:155:69)
    at ya (https://s3-hnapuhdd-cdn.didistatic.com/op-static-hnahdd/buckets/odin/react-dom/16.8.6/react-dom.production.min.js:153:185) @ https://odin.xiaojukeji.com/613-8a06fd5b512c3816834b.js:1
[    1822ms] [WARNING] single-spa-react: webssh's rootComponent should implement componentDidCatch to avoid accidentally unmounting the entire single-spa application. @ https://odin.xiaojukeji.com/static/webssh/webssh-a23aeb55fc52301e2484.js:16
[    2175ms] [LOG] 解析读取本地配置失败 @ https://odin.xiaojukeji.com/static/webssh/webssh-a23aeb55fc52301e2484.js:16
[    2191ms] [LOG] 解析读取本地配置失败 @ https://odin.xiaojukeji.com/static/webssh/webssh-a23aeb55fc52301e2484.js:16
[    2215ms] [LOG] 解析读取本地配置失败 @ https://odin.xiaojukeji.com/static/webssh/webssh-a23aeb55fc52301e2484.js:16
[    2218ms] [LOG] 解析读取本地配置失败 @ https://odin.xiaojukeji.com/static/webssh/webssh-a23aeb55fc52301e2484.js:16
[    3445ms] [VERBOSE] [DOM] Password field is not contained in a form: (More info: https://goo.gl/9p2vKq) %o @ https://me-auth.intra.xiaojukeji.com/project/stargate-auth/html/login.html?redirect_uri=https%3A%2F%2Fmis-auth.intra.xiaojukeji.com%2Fauth%2F%3Fjumpto%3Dhttp%253A%252F%252Fsso.odin.intra.xiaojukeji.com%252F%253Fcallback%253Dhttp%253A%252F%252F%26app_id%3D114%26callback_index%3D0:0
[    3504ms] Error: [Omega]初始化必须带有appKey 参数
    at t.value (https://tracker.didistatic.com/static/tracker/latest2x/omega.min.js:1:81584)
    at https://tracker.didistatic.com/static/tracker/latest2x/omega.min.js:1:81730
    at https://tracker.didistatic.com/static/tracker/latest2x/omega.min.js:1:81751
