[-57321565ms] [ERROR] Failed to load resource: net::ERR_BLOCKED_BY_CLIENT @ https://www.zhihu.com/commercial_api/banners_v3/pc_article_bottom?article_token=2035288538678288989:0
[-57321015ms] [ERROR] Access to XMLHttpRequest at 'https://118.89.204.198/resolv?host=www.zhihu.com&os_type=web' from origin 'https://zhuanlan.zhihu.com' has been blocked by CORS policy: No 'Access-Control-Allow-Origin' header is present on the requested resource. @ https://zhuanlan.zhihu.com/p/2035288538678288989:0
[-57321015ms] [ERROR] Failed to load resource: net::ERR_FAILED @ https://118.89.204.198/resolv?host=www.zhihu.com&os_type=web:0
[-57320768ms] [INFO] This page uses Chrome's Built-In AI features (LanguageDetector)! We're always improving our models; please submit your feedback here: https://issues.chromium.org/issues/new?component=1583316 @ chrome-extension://bpoadfkcbjbfhfodiogcnhhhpibjhbnh/content_main.js:4528
[-57320687ms] [ERROR] Failed to load resource: net::ERR_BLOCKED_BY_CLIENT @ https://www.zhihu.com/commercial_api/banners_v3/article_right?article_token=2035288538678288989:0
[-57321687ms] [LOG] %c知乎 ฅ՞•ﻌ•՞ฅ color:#1772F6;font-weight:bold;font-size:6em;padding:10px 30px;text-shadow:0.7px -1px 0 rgb(255 255 255 / 100%),1.4px -2px 0 rgb(255 255 255 / 96%),2.0999999999999996px -3px 0 rgb(255 255 255 / 92%),2.8px -4px 0 rgb(255 255 255 / 88%),-1px 1px 2px rgb(0 0 0 / 70%),-2px 2px 4px rgb(0 0 0 / 70%),-3px 3px 6px rgb(0 0 0 / 70%);background: linear-gradient(to right top,oklab(58.2% -0.04 -0.21),oklab(58.2% -0.376 -0.21)); @ https://unpkg.zhimg.com/@cfe/sentry-script@1.3.1/dist/init.js:0
[-57321687ms] [LOG] 加入知乎 https://s.zhihu.com/BDXoD @ https://unpkg.zhimg.com/@cfe/sentry-script@1.3.1/dist/init.js:0
[-57321600ms] [INFO] appid: 2285, userInfo:{"user_unique_id":"7504505856651068980","web_id":"7504505856651068980"} @ https://unpkg.zhimg.com/@cfe/sentry-script@1.3.1/dist/init.js:0
[-57321600ms] [INFO] appid: 2285, sdk is ready, version is 0.0.3-lite, you can report now !!! @ https://unpkg.zhimg.com/@cfe/sentry-script@1.3.1/dist/init.js:0
[-57321565ms] [ERROR] TypeError: Failed to fetch
    at https://unpkg.zhimg.com/@cfe/sentry-script@1.3.1/dist/init.js:1:28507
    at https://static.zhihu.com/heifetz/2659.app.9e1702ee0ba8b54a8a8e.js:83:64640
    at https://static.zhihu.com/heifetz/2659.app.9e1702ee0ba8b54a8a8e.js:83:996638
    at Generator.<anonymous> (https://static.zhihu.com/heifetz/2659.app.9e1702ee0ba8b54a8a8e.js:83:992928)
    at Generator.next (https://static.zhihu.com/heifetz/2659.app.9e1702ee0ba8b54a8a8e.js:83:995167)
    at eu (https://static.zhihu.com/heifetz/2659.app.9e1702ee0ba8b54a8a8e.js:91:30252)
    at eh (https://static.zhihu.com/heifetz/2659.app.9e1702ee0ba8b54a8a8e.js:91:30478)
    at https://static.zhihu.com/heifetz/2659.app.9e1702ee0ba8b54a8a8e.js:91:30553
    at new Promise (<anonymous>)
    at https://static.zhihu.com/heifetz/2659.app.9e1702ee0ba8b54a8a8e.js:91:30411
    at https://static.zhihu.com/heifetz/2659.app.9e1702ee0ba8b54a8a8e.js:83:64919
    at https://static.zhihu.com/heifetz/2659.app.9e1702ee0ba8b54a8a8e.js:83:83355
    at https://static.zhihu.com/heifetz/2659.app.9e1702ee0ba8b54a8a8e.js:83:996638
    at Generator.<anonymous> (https://static.zhihu.com/heifetz/2659.app.9e1702ee0ba8b54a8a8e.js:83:992928)
    at Generator.next (https://static.zhihu.com/heifetz/2659.app.9e1702ee0ba8b54a8a8e.js:83:995167)
    at eu (https://static.zhihu.com/heifetz/2659.app.9e1702ee0ba8b54a8a8e.js:91:30252)
    at eh (https://static.zhihu.com/heifetz/2659.app.9e1702ee0ba8b54a8a8e.js:91:30478)
    at https://static.zhihu.com/heifetz/2659.app.9e1702ee0ba8b54a8a8e.js:91:30553
    at new Promise (<anonymous>)
    at https://static.zhihu.com/heifetz/2659.app.9e1702ee0ba8b54a8a8e.js:91:30411
    at https://static.zhihu.com/heifetz/2659.app.9e1702ee0ba8b54a8a8e.js:83:83503
    at Tj (https://static.zhihu.com/event/react-dom@17.0.2/umd/react-dom.production.min.js:179:399)
    at unstable_runWithPriority (https://static.zhihu.com/event/react@17.0.2/umd/react.production.min.js:24:26)
    at Za (https://static.zhihu.com/event/react-dom@17.0.2/umd/react-dom.production.min.js:73:8)
    at Ra (https://static.zhihu.com/event/react-dom@17.0.2/umd/react-dom.production.min.js:178:368)
    at gf (https://static.zhihu.com/event/react-dom@17.0.2/umd/react-dom.production.min.js:161:497)
    at https://static.zhihu.com/event/react-dom@17.0.2/umd/react-dom.production.min.js:73:230
    at unstable_runWithPriority (https://static.zhihu.com/event/react@17.0.2/umd/react.production.min.js:24:26)
    at Za (https://static.zhihu.com/event/react-dom@17.0.2/umd/react-dom.production.min.js:73:8)
    at $g (https://static.zhihu.com/event/react-dom@17.0.2/umd/react-dom.production.min.js:73:176)
    at ja (https://static.zhihu.com/event/react-dom@17.0.2/umd/react-dom.production.min.js:73:111)
    at bi (https://static.zhihu.com/event/react-dom@17.0.2/umd/react-dom.production.min.js:163:100)
    at zd (https://static.zhihu.com/event/react-dom@17.0.2/umd/react-dom.production.min.js:191:483)
    at M.hydrate (https://static.zhihu.com/event/react-dom@17.0.2/umd/react-dom.production.min.js:243:233)
    at a (https://static.zhihu.com/heifetz/column.app.46f7570d8cc4b7e971a7.js:1:635166)
    at renderCallback (https://static.zhihu.com/heifetz/column.app.46f7570d8cc4b7e971a7.js:1:634852)
    at https://static.zhihu.com/heifetz/column.app.46f7570d8cc4b7e971a7.js:1:635467 @ https://unpkg.zhimg.com/@cfe/sentry-script@1.3.1/dist/init.js:0
[-57321178ms] [LOG] [INFO] [Zhida: WebView] [Theme Web] pull theme from RN @ https://unpkg.zhimg.com/@cfe/sentry-script@1.3.1/dist/init.js:0
[-57321177ms] [WARNING] MMKV not available, fallback @ https://unpkg.zhimg.com/@cfe/sentry-script@1.3.1/dist/init.js:0
[-57320687ms] [ERROR] TypeError: Failed to fetch
    at https://unpkg.zhimg.com/@cfe/sentry-script@1.3.1/dist/init.js:1:28507
    at eI (https://static.zhihu.com/heifetz/2659.app.9e1702ee0ba8b54a8a8e.js:83:217380)
    at ec.loadBannerRequest (https://static.zhihu.com/heifetz/2659.app.9e1702ee0ba8b54a8a8e.js:83:90191)
    at https://static.zhihu.com/heifetz/2659.app.9e1702ee0ba8b54a8a8e.js:83:90531
    at i (https://unpkg.zhimg.com/@cfe/sentry-script@1.3.1/dist/init.js:1:19163) @ https://unpkg.zhimg.com/@cfe/sentry-script@1.3.1/dist/init.js:0
